<?xml version="1.0" encoding="UTF-8"?>
<flow xmlns="http://www.springframework.org/schema/webflow"
	  xmlns:xsi="http://www.w3.org/2001/XMLSchema-instance"
	  xsi:schemaLocation="http://www.springframework.org/schema/webflow http://www.springframework.org/schema/webflow/spring-webflow-2.0.xsd"
>

	<view-state id="guess">
		<transition on="success" to="response"/>
	</view-state>

	<view-state id="response">
		<transition on="success" to="guess"/>
	</view-state>

	<end-state id="back"/>
</flow>